Compilación iniciada a las 28/12/15 20:16:51.
     1>Proyecto "c:\Users\joseVaio\documents\visual studio 2013\Projects\DeteccionExtraccionPersonaVideo\DeteccionExtraccionPersonaVideo\DeteccionExtraccionPersonaVideo.vcxproj" en el nodo 2 (Build destinos).
     1>ClCompile:
         C:\Program Files (x86)\Microsoft Visual Studio 12.0\VC\bin\x86_amd64\CL.exe /c /IC:\opencv\build\x64\vc12\..\..\include /AI"C:\Program Files (x86)\Reference Assemblies\Microsoft\Framework\.NETFramework\v4.0" /AI"C:\Program Files (x86)\Windows Kits\8.1\References\CommonConfiguration\Neutral" /Zi /clr /nologo /W3 /WX- /sdl /Od /D _MBCS /EHa /MDd /GS /fp:precise /Zc:wchar_t /Zc:forScope /Fo"x64\Debug\\" /Fd"x64\Debug\vc120.pdb" /TP /FU"C:\Program Files (x86)\Reference Assemblies\Microsoft\Framework\.NETFramework\v4.0\mscorlib.dll" /FU"C:\Program Files (x86)\Reference Assemblies\Microsoft\Framework\.NETFramework\v4.0\System.Data.dll" /FU"C:\Program Files (x86)\Reference Assemblies\Microsoft\Framework\.NETFramework\v4.0\System.dll" /FU"C:\Program Files (x86)\Reference Assemblies\Microsoft\Framework\.NETFramework\v4.0\System.Drawing.dll" /FU"C:\Program Files (x86)\Reference Assemblies\Microsoft\Framework\.NETFramework\v4.0\System.Windows.Forms.dll" /FU"C:\Program Files (x86)\Reference Assemblies\Microsoft\Framework\.NETFramework\v4.0\System.Xml.dll" /errorReport:prompt /clr:nostdlib Main.cpp
         Main.cpp
     1>Main.cpp(125): warning C4267: 'argumento' : conversión de 'size_t' a 'int'; posible pérdida de datos
     1>Main.cpp(146): warning C4101: 'buf' : variable local sin referencia
     1>c:\opencv\build\include\opencv2\core\cvstd.hpp(592): warning C4793: 'cv::String::String' : función compilada como nativa :
         	Se encontró un elemento intrínseco no admitido en código administrado
     1>c:\opencv\build\include\opencv2\core\mat.inl.hpp(381): warning C4793: 'cv::Mat::Mat' : función compilada como nativa :
         	Se encontró un elemento intrínseco no admitido en código administrado
     1>c:\opencv\build\include\opencv2\core\mat.inl.hpp(666): warning C4793: 'cv::Mat::release' : función compilada como nativa :
         	Se encontró un elemento intrínseco no admitido en código administrado
     1>c:\opencv\build\include\opencv2\core\mat.inl.hpp(1703): warning C4793: 'cv::SparseMat::addref' : función compilada como nativa :
         	Se encontró un elemento intrínseco no admitido en código administrado
     1>c:\opencv\build\include\opencv2\core\mat.inl.hpp(3304): warning C4793: 'cv::UMat::addref' : función compilada como nativa :
         	Se encontró un elemento intrínseco no admitido en código administrado
     1>c:\opencv\build\include\opencv2\core\ptr.inl.hpp(67): warning C4793: 'cv::detail::PtrOwner::incRef' : función compilada como nativa :
         	Se encontró un elemento intrínseco no admitido en código administrado
     1>c:\opencv\build\include\opencv2\core\ptr.inl.hpp(72): warning C4793: 'cv::detail::PtrOwner::decRef' : función compilada como nativa :
         	Se encontró un elemento intrínseco no admitido en código administrado
     1>c:\opencv\build\include\opencv2\core\mat.inl.hpp(565): warning C4793: 'cv::Mat::operator=' : función compilada como nativa :
         	Se encontró un elemento intrínseco no admitido en código administrado
       Link:
         C:\Program Files (x86)\Microsoft Visual Studio 12.0\VC\bin\x86_amd64\link.exe /ERRORREPORT:PROMPT /OUT:"c:\users\josevaio\documents\visual studio 2013\Projects\DeteccionExtraccionPersonaVideo\x64\Debug\DeteccionExtraccionPersonaVideo.exe" /INCREMENTAL /NOLOGO /LIBPATH:C:\opencv\build\x64\vc12\lib opencv_ts300d.lib opencv_world300d.lib kernel32.lib user32.lib gdi32.lib winspool.lib comdlg32.lib advapi32.lib shell32.lib ole32.lib oleaut32.lib uuid.lib odbc32.lib odbccp32.lib /ASSEMBLYRESOURCE:x64\Debug\DeteccionExtraccionPersonaVideo.Ventana.resources /MANIFEST /MANIFESTUAC:"level='asInvoker' uiAccess='false'" /manifest:embed /DEBUG /PDB:"c:\users\josevaio\documents\visual studio 2013\Projects\DeteccionExtraccionPersonaVideo\x64\Debug\DeteccionExtraccionPersonaVideo.pdb" /ASSEMBLYDEBUG /SUBSYSTEM:WINDOWS /TLBID:1 /ENTRY:"main" /DYNAMICBASE /FIXED:NO /NXCOMPAT /MACHINE:X64 x64\Debug\Main.obj
         x64\Debug\Ventana.obj
         "x64\Debug\.NETFramework,Version=v4.0.AssemblyAttributes.obj"
     1>opencv_ts300d.lib(ts.obj) : warning LNK4099: no se encontr¾ PDB 'opencv_ts300d.pdb' con 'opencv_ts300d.lib(ts.obj)' o en 'c:\users\josevaio\documents\visual studio 2013\Projects\DeteccionExtraccionPersonaVideo\x64\Debug\opencv_ts300d.pdb'; se vincularß el objeto sin tener en cuenta informaci¾n de depuraci¾n
     1>opencv_ts300d.lib(ts_gtest.obj) : warning LNK4099: no se encontr¾ PDB 'opencv_ts300d.pdb' con 'opencv_ts300d.lib(ts_gtest.obj)' o en 'c:\users\josevaio\documents\visual studio 2013\Projects\DeteccionExtraccionPersonaVideo\x64\Debug\opencv_ts300d.pdb'; se vincularß el objeto sin tener en cuenta informaci¾n de depuraci¾n
     1>opencv_ts300d.lib(ts_perf.obj) : warning LNK4099: no se encontr¾ PDB 'opencv_ts300d.pdb' con 'opencv_ts300d.lib(ts_perf.obj)' o en 'c:\users\josevaio\documents\visual studio 2013\Projects\DeteccionExtraccionPersonaVideo\x64\Debug\opencv_ts300d.pdb'; se vincularß el objeto sin tener en cuenta informaci¾n de depuraci¾n
     1>opencv_ts300d.lib(opencv_ts_pch.obj) : warning LNK4099: no se encontr¾ PDB 'opencv_ts300d.pdb' con 'opencv_ts300d.lib(opencv_ts_pch.obj)' o en 'c:\users\josevaio\documents\visual studio 2013\Projects\DeteccionExtraccionPersonaVideo\x64\Debug\opencv_ts300d.pdb'; se vincularß el objeto sin tener en cuenta informaci¾n de depuraci¾n
         DeteccionExtraccionPersonaVideo.vcxproj -> c:\users\josevaio\documents\visual studio 2013\Projects\DeteccionExtraccionPersonaVideo\x64\Debug\DeteccionExtraccionPersonaVideo.exe
     1>Compilación del proyecto terminada "c:\Users\joseVaio\documents\visual studio 2013\Projects\DeteccionExtraccionPersonaVideo\DeteccionExtraccionPersonaVideo\DeteccionExtraccionPersonaVideo.vcxproj" (Build destinos).

Compilación correcta.

Tiempo transcurrido 00:00:03.76
